{
  "stats": {
    "suites": 1,
    "tests": 2,
    "passes": 2,
    "pending": 0,
    "failures": 0,
    "start": "2023-01-03T21:02:51.725Z",
    "end": "2023-01-03T21:02:55.280Z",
    "duration": 3555,
    "testsRegistered": 2,
    "passPercent": 100,
    "pendingPercent": 0,
    "other": 0,
    "hasOther": false,
    "skipped": 0,
    "hasSkipped": false
  },
  "results": [
    {
      "uuid": "8a92f3d4-2d0b-4506-be3c-16b0d14b2021",
      "title": "",
      "fullFile": "cypress/e2e/Final_Price.cy.js",
      "file": "cypress/e2e/Final_Price.cy.js",
      "beforeHooks": [],
      "afterHooks": [],
      "tests": [],
      "suites": [
        {
          "uuid": "278098f9-5664-4616-9a76-cb0a79154051",
          "title": "Product Page - Verify Price Format & Alive ",
          "fullFile": "",
          "file": "",
          "beforeHooks": [],
          "afterHooks": [],
          "tests": [
            {
              "title": "Final Price Available in Correct Format",
              "fullTitle": "Product Page - Verify Price Format & Alive  Final Price Available in Correct Format",
              "timedOut": null,
              "duration": 1720,
              "state": "passed",
              "speed": "fast",
              "pass": true,
              "fail": false,
              "pending": false,
              "context": null,
              "code": "cy.get(Cypress.env('price_obj')).scrollIntoView().last().should('have.text', Cypress.env('price')).should('have.attr', 'content');",
              "err": {},
              "uuid": "606a0385-0ac4-4572-9ced-a25d0dc00abb",
              "parentUUID": "278098f9-5664-4616-9a76-cb0a79154051",
              "isHook": false,
              "skipped": false
            },
            {
              "title": "Final Price does have proper CSS",
              "fullTitle": "Product Page - Verify Price Format & Alive  Final Price does have proper CSS",
              "timedOut": null,
              "duration": 1779,
              "state": "passed",
              "speed": "fast",
              "pass": true,
              "fail": false,
              "pending": false,
              "context": null,
              "code": "cy.get(Cypress.env('price_obj')).first().should('have.attr', 'itemprop', 'price');",
              "err": {},
              "uuid": "4d547fd3-1ff6-49d0-9aa8-384a297fbb7c",
              "parentUUID": "278098f9-5664-4616-9a76-cb0a79154051",
              "isHook": false,
              "skipped": false
            }
          ],
          "suites": [],
          "passes": [
            "606a0385-0ac4-4572-9ced-a25d0dc00abb",
            "4d547fd3-1ff6-49d0-9aa8-384a297fbb7c"
          ],
          "failures": [],
          "pending": [],
          "skipped": [],
          "duration": 3499,
          "root": false,
          "rootEmpty": false,
          "_timeout": 2000
        }
      ],
      "passes": [],
      "failures": [],
      "pending": [],
      "skipped": [],
      "duration": 0,
      "root": true,
      "rootEmpty": true,
      "_timeout": 2000
    }
  ],
  "meta": {
    "mocha": {
      "version": "7.0.1"
    },
    "mochawesome": {
      "options": {
        "quiet": false,
        "reportFilename": "mochawesome",
        "saveHtml": false,
        "saveJson": true,
        "consoleReporter": "spec",
        "useInlineDiffs": false,
        "code": true
      },
      "version": "7.1.3"
    },
    "marge": {
      "options": {
        "id": "default",
        "reportDir": "cypress/results/mochawesome",
        "quite": true,
        "overwrite": false,
        "html": false,
        "json": true
      },
      "version": "6.2.0"
    }
  }
}