{
  "stats": {
    "suites": 1,
    "tests": 2,
    "passes": 2,
    "pending": 0,
    "failures": 0,
    "start": "2023-01-03T21:02:42.929Z",
    "end": "2023-01-03T21:02:47.050Z",
    "duration": 4121,
    "testsRegistered": 2,
    "passPercent": 100,
    "pendingPercent": 0,
    "other": 0,
    "hasOther": false,
    "skipped": 0,
    "hasSkipped": false
  },
  "results": [
    {
      "uuid": "4e3894bf-7073-4c3a-b836-2c97ed485d68",
      "title": "",
      "fullFile": "cypress/e2e/Add_to_Card.cy.js",
      "file": "cypress/e2e/Add_to_Card.cy.js",
      "beforeHooks": [],
      "afterHooks": [],
      "tests": [],
      "suites": [
        {
          "uuid": "8602f076-461a-4817-9303-f33f8dcc98b4",
          "title": "Product Page - Verify Add to Cart Functionality",
          "fullFile": "",
          "file": "",
          "beforeHooks": [],
          "afterHooks": [],
          "tests": [
            {
              "title": "Add to Cart Button 1",
              "fullTitle": "Product Page - Verify Add to Cart Functionality Add to Cart Button 1",
              "timedOut": null,
              "duration": 2332,
              "state": "passed",
              "speed": "fast",
              "pass": true,
              "fail": false,
              "pending": false,
              "context": null,
              "code": "cy.get('div.actions > form > button').should('have.attr', 'type', 'submit').eq(0).scrollIntoView();",
              "err": {},
              "uuid": "6a3172fd-e141-4784-bd0b-85bfefa6190d",
              "parentUUID": "8602f076-461a-4817-9303-f33f8dcc98b4",
              "isHook": false,
              "skipped": false
            },
            {
              "title": "Add to Cart Button 2",
              "fullTitle": "Product Page - Verify Add to Cart Functionality Add to Cart Button 2",
              "timedOut": null,
              "duration": 1708,
              "state": "passed",
              "speed": "fast",
              "pass": true,
              "fail": false,
              "pending": false,
              "context": null,
              "code": "cy.get('div.actions > form > button').should('have.attr', 'type', 'submit').eq(1).scrollIntoView();",
              "err": {},
              "uuid": "4ed22d9a-64f5-4036-95d8-e1f165b06e05",
              "parentUUID": "8602f076-461a-4817-9303-f33f8dcc98b4",
              "isHook": false,
              "skipped": false
            }
          ],
          "suites": [],
          "passes": [
            "6a3172fd-e141-4784-bd0b-85bfefa6190d",
            "4ed22d9a-64f5-4036-95d8-e1f165b06e05"
          ],
          "failures": [],
          "pending": [],
          "skipped": [],
          "duration": 4040,
          "root": false,
          "rootEmpty": false,
          "_timeout": 2000
        }
      ],
      "passes": [],
      "failures": [],
      "pending": [],
      "skipped": [],
      "duration": 0,
      "root": true,
      "rootEmpty": true,
      "_timeout": 2000
    }
  ],
  "meta": {
    "mocha": {
      "version": "7.0.1"
    },
    "mochawesome": {
      "options": {
        "quiet": false,
        "reportFilename": "mochawesome",
        "saveHtml": false,
        "saveJson": true,
        "consoleReporter": "spec",
        "useInlineDiffs": false,
        "code": true
      },
      "version": "7.1.3"
    },
    "marge": {
      "options": {
        "id": "default",
        "reportDir": "cypress/results/mochawesome",
        "quite": true,
        "overwrite": false,
        "html": false,
        "json": true
      },
      "version": "6.2.0"
    }
  }
}