{
  "stats": {
    "suites": 1,
    "tests": 2,
    "passes": 2,
    "pending": 0,
    "failures": 0,
    "start": "2023-01-03T21:03:13.357Z",
    "end": "2023-01-03T21:03:16.996Z",
    "duration": 3639,
    "testsRegistered": 2,
    "passPercent": 100,
    "pendingPercent": 0,
    "other": 0,
    "hasOther": false,
    "skipped": 0,
    "hasSkipped": false
  },
  "results": [
    {
      "uuid": "5e2bf6e8-7763-4690-9f64-ab29a8de3cf6",
      "title": "",
      "fullFile": "cypress/e2e/Share_Button.cy.js",
      "file": "cypress/e2e/Share_Button.cy.js",
      "beforeHooks": [],
      "afterHooks": [],
      "tests": [],
      "suites": [
        {
          "uuid": "4c636f5d-f3a9-4d7f-a1b8-427b2a403e31",
          "title": "Product Page - Share Button Alive & Functional",
          "fullFile": "",
          "file": "",
          "beforeHooks": [],
          "afterHooks": [],
          "tests": [
            {
              "title": "Share Button Click-on",
              "fullTitle": "Product Page - Share Button Alive & Functional Share Button Click-on",
              "timedOut": null,
              "duration": 1983,
              "state": "passed",
              "speed": "fast",
              "pass": true,
              "fail": false,
              "pending": false,
              "context": null,
              "code": "cy.get(Cypress.env('share_button')).scrollIntoView().click().then(() => {\n  cy.get('.form-inline > .form-control').should('have.attr', 'value');\n});",
              "err": {},
              "uuid": "50ae65f6-d868-4063-b3dd-0306e8704de5",
              "parentUUID": "4c636f5d-f3a9-4d7f-a1b8-427b2a403e31",
              "isHook": false,
              "skipped": false
            },
            {
              "title": "Share Button Existence",
              "fullTitle": "Product Page - Share Button Alive & Functional Share Button Existence",
              "timedOut": null,
              "duration": 1610,
              "state": "passed",
              "speed": "fast",
              "pass": true,
              "fail": false,
              "pending": false,
              "context": null,
              "code": "cy.get(Cypress.env('share_button')).scrollIntoView().should('have.attr', 'data-class');",
              "err": {},
              "uuid": "68c36c84-6d0f-4b3c-8ba6-cae0ad05b3a5",
              "parentUUID": "4c636f5d-f3a9-4d7f-a1b8-427b2a403e31",
              "isHook": false,
              "skipped": false
            }
          ],
          "suites": [],
          "passes": [
            "50ae65f6-d868-4063-b3dd-0306e8704de5",
            "68c36c84-6d0f-4b3c-8ba6-cae0ad05b3a5"
          ],
          "failures": [],
          "pending": [],
          "skipped": [],
          "duration": 3593,
          "root": false,
          "rootEmpty": false,
          "_timeout": 2000
        }
      ],
      "passes": [],
      "failures": [],
      "pending": [],
      "skipped": [],
      "duration": 0,
      "root": true,
      "rootEmpty": true,
      "_timeout": 2000
    }
  ],
  "meta": {
    "mocha": {
      "version": "7.0.1"
    },
    "mochawesome": {
      "options": {
        "quiet": false,
        "reportFilename": "mochawesome",
        "saveHtml": false,
        "saveJson": true,
        "consoleReporter": "spec",
        "useInlineDiffs": false,
        "code": true
      },
      "version": "7.1.3"
    },
    "marge": {
      "options": {
        "id": "default",
        "reportDir": "cypress/results/mochawesome",
        "quite": true,
        "overwrite": false,
        "html": false,
        "json": true
      },
      "version": "6.2.0"
    }
  }
}