{
  "stats": {
    "suites": 5,
    "tests": 13,
    "passes": 13,
    "pending": 0,
    "failures": 0,
    "start": "2023-01-03T21:02:42.929Z",
    "end": "2023-01-03T21:03:25.594Z",
    "duration": 23034,
    "testsRegistered": 13,
    "passPercent": 100,
    "pendingPercent": 0,
    "other": 0,
    "hasOther": false,
    "skipped": 0,
    "hasSkipped": false
  },
  "results": [
    {
      "uuid": "4e3894bf-7073-4c3a-b836-2c97ed485d68",
      "title": "",
      "fullFile": "cypress/e2e/Add_to_Card.cy.js",
      "file": "cypress/e2e/Add_to_Card.cy.js",
      "beforeHooks": [],
      "afterHooks": [],
      "tests": [],
      "suites": [
        {
          "uuid": "8602f076-461a-4817-9303-f33f8dcc98b4",
          "title": "Product Page - Verify Add to Cart Functionality",
          "fullFile": "",
          "file": "",
          "beforeHooks": [],
          "afterHooks": [],
          "tests": [
            {
              "title": "Add to Cart Button 1",
              "fullTitle": "Product Page - Verify Add to Cart Functionality Add to Cart Button 1",
              "timedOut": null,
              "duration": 2332,
              "state": "passed",
              "speed": "fast",
              "pass": true,
              "fail": false,
              "pending": false,
              "context": null,
              "code": "cy.get('div.actions > form > button').should('have.attr', 'type', 'submit').eq(0).scrollIntoView();",
              "err": {},
              "uuid": "6a3172fd-e141-4784-bd0b-85bfefa6190d",
              "parentUUID": "8602f076-461a-4817-9303-f33f8dcc98b4",
              "isHook": false,
              "skipped": false
            },
            {
              "title": "Add to Cart Button 2",
              "fullTitle": "Product Page - Verify Add to Cart Functionality Add to Cart Button 2",
              "timedOut": null,
              "duration": 1708,
              "state": "passed",
              "speed": "fast",
              "pass": true,
              "fail": false,
              "pending": false,
              "context": null,
              "code": "cy.get('div.actions > form > button').should('have.attr', 'type', 'submit').eq(1).scrollIntoView();",
              "err": {},
              "uuid": "4ed22d9a-64f5-4036-95d8-e1f165b06e05",
              "parentUUID": "8602f076-461a-4817-9303-f33f8dcc98b4",
              "isHook": false,
              "skipped": false
            }
          ],
          "suites": [],
          "passes": [
            "6a3172fd-e141-4784-bd0b-85bfefa6190d",
            "4ed22d9a-64f5-4036-95d8-e1f165b06e05"
          ],
          "failures": [],
          "pending": [],
          "skipped": [],
          "duration": 4040,
          "root": false,
          "rootEmpty": false,
          "_timeout": 2000
        }
      ],
      "passes": [],
      "failures": [],
      "pending": [],
      "skipped": [],
      "duration": 0,
      "root": true,
      "rootEmpty": true,
      "_timeout": 2000
    },
    {
      "uuid": "8a92f3d4-2d0b-4506-be3c-16b0d14b2021",
      "title": "",
      "fullFile": "cypress/e2e/Final_Price.cy.js",
      "file": "cypress/e2e/Final_Price.cy.js",
      "beforeHooks": [],
      "afterHooks": [],
      "tests": [],
      "suites": [
        {
          "uuid": "278098f9-5664-4616-9a76-cb0a79154051",
          "title": "Product Page - Verify Price Format & Alive ",
          "fullFile": "",
          "file": "",
          "beforeHooks": [],
          "afterHooks": [],
          "tests": [
            {
              "title": "Final Price Available in Correct Format",
              "fullTitle": "Product Page - Verify Price Format & Alive  Final Price Available in Correct Format",
              "timedOut": null,
              "duration": 1720,
              "state": "passed",
              "speed": "fast",
              "pass": true,
              "fail": false,
              "pending": false,
              "context": null,
              "code": "cy.get(Cypress.env('price_obj')).scrollIntoView().last().should('have.text', Cypress.env('price')).should('have.attr', 'content');",
              "err": {},
              "uuid": "606a0385-0ac4-4572-9ced-a25d0dc00abb",
              "parentUUID": "278098f9-5664-4616-9a76-cb0a79154051",
              "isHook": false,
              "skipped": false
            },
            {
              "title": "Final Price does have proper CSS",
              "fullTitle": "Product Page - Verify Price Format & Alive  Final Price does have proper CSS",
              "timedOut": null,
              "duration": 1779,
              "state": "passed",
              "speed": "fast",
              "pass": true,
              "fail": false,
              "pending": false,
              "context": null,
              "code": "cy.get(Cypress.env('price_obj')).first().should('have.attr', 'itemprop', 'price');",
              "err": {},
              "uuid": "4d547fd3-1ff6-49d0-9aa8-384a297fbb7c",
              "parentUUID": "278098f9-5664-4616-9a76-cb0a79154051",
              "isHook": false,
              "skipped": false
            }
          ],
          "suites": [],
          "passes": [
            "606a0385-0ac4-4572-9ced-a25d0dc00abb",
            "4d547fd3-1ff6-49d0-9aa8-384a297fbb7c"
          ],
          "failures": [],
          "pending": [],
          "skipped": [],
          "duration": 3499,
          "root": false,
          "rootEmpty": false,
          "_timeout": 2000
        }
      ],
      "passes": [],
      "failures": [],
      "pending": [],
      "skipped": [],
      "duration": 0,
      "root": true,
      "rootEmpty": true,
      "_timeout": 2000
    },
    {
      "uuid": "66356980-25fe-4c31-bff8-e20ea3f1672a",
      "title": "",
      "fullFile": "cypress/e2e/Product_Image.cy.js",
      "file": "cypress/e2e/Product_Image.cy.js",
      "beforeHooks": [],
      "afterHooks": [],
      "tests": [],
      "suites": [
        {
          "uuid": "cdee8f3f-1559-4475-a159-590d1e2a957a",
          "title": "Product Page - Image Existence",
          "fullFile": "",
          "file": "",
          "beforeHooks": [],
          "afterHooks": [],
          "tests": [
            {
              "title": "Verify the main image is alive ",
              "fullTitle": "Product Page - Image Existence Verify the main image is alive ",
              "timedOut": null,
              "duration": 2435,
              "state": "passed",
              "speed": "fast",
              "pass": true,
              "fail": false,
              "pending": false,
              "context": null,
              "code": "cy.get('div.product-carousel__image > img').scrollIntoView().should('have.attr', 'src');",
              "err": {},
              "uuid": "92709fd5-863c-4d3d-8d59-316f896784d8",
              "parentUUID": "cdee8f3f-1559-4475-a159-590d1e2a957a",
              "isHook": false,
              "skipped": false
            },
            {
              "title": "Verrify sub image alive & CSS height:75",
              "fullTitle": "Product Page - Image Existence Verrify sub image alive & CSS height:75",
              "timedOut": null,
              "duration": 1984,
              "state": "passed",
              "speed": "fast",
              "pass": true,
              "fail": false,
              "pending": false,
              "context": null,
              "code": "cy.get('ul > li:nth-child(1) > img').scrollIntoView().should('have.attr', 'height', '75');",
              "err": {},
              "uuid": "4a1eab79-8c06-4ca4-8e0a-d83eee691890",
              "parentUUID": "cdee8f3f-1559-4475-a159-590d1e2a957a",
              "isHook": false,
              "skipped": false
            },
            {
              "title": "Veify right arrow 1 of 2 svg on sub image section",
              "fullTitle": "Product Page - Image Existence Veify right arrow 1 of 2 svg on sub image section",
              "timedOut": null,
              "duration": 1628,
              "state": "passed",
              "speed": "fast",
              "pass": true,
              "fail": false,
              "pending": false,
              "context": null,
              "code": "cy.get('.control-next > svg > path').eq(0).should('have.attr', 'fill', 'currentColor');",
              "err": {},
              "uuid": "919d418b-e724-4625-b153-cbd90d92be48",
              "parentUUID": "cdee8f3f-1559-4475-a159-590d1e2a957a",
              "isHook": false,
              "skipped": false
            },
            {
              "title": "Veify right arrow 2 of 2 svg on sub image section",
              "fullTitle": "Product Page - Image Existence Veify right arrow 2 of 2 svg on sub image section",
              "timedOut": null,
              "duration": 1725,
              "state": "passed",
              "speed": "fast",
              "pass": true,
              "fail": false,
              "pending": false,
              "context": null,
              "code": "cy.get('.control-next > svg > path').eq(1).should('have.attr', 'fill', 'currentColor');",
              "err": {},
              "uuid": "9ca263ff-f4bb-4afc-8cb4-a1177409b37d",
              "parentUUID": "cdee8f3f-1559-4475-a159-590d1e2a957a",
              "isHook": false,
              "skipped": false
            }
          ],
          "suites": [],
          "passes": [
            "92709fd5-863c-4d3d-8d59-316f896784d8",
            "4a1eab79-8c06-4ca4-8e0a-d83eee691890",
            "919d418b-e724-4625-b153-cbd90d92be48",
            "9ca263ff-f4bb-4afc-8cb4-a1177409b37d"
          ],
          "failures": [],
          "pending": [],
          "skipped": [],
          "duration": 7772,
          "root": false,
          "rootEmpty": false,
          "_timeout": 2000
        }
      ],
      "passes": [],
      "failures": [],
      "pending": [],
      "skipped": [],
      "duration": 0,
      "root": true,
      "rootEmpty": true,
      "_timeout": 2000
    },
    {
      "uuid": "5e2bf6e8-7763-4690-9f64-ab29a8de3cf6",
      "title": "",
      "fullFile": "cypress/e2e/Share_Button.cy.js",
      "file": "cypress/e2e/Share_Button.cy.js",
      "beforeHooks": [],
      "afterHooks": [],
      "tests": [],
      "suites": [
        {
          "uuid": "4c636f5d-f3a9-4d7f-a1b8-427b2a403e31",
          "title": "Product Page - Share Button Alive & Functional",
          "fullFile": "",
          "file": "",
          "beforeHooks": [],
          "afterHooks": [],
          "tests": [
            {
              "title": "Share Button Click-on",
              "fullTitle": "Product Page - Share Button Alive & Functional Share Button Click-on",
              "timedOut": null,
              "duration": 1983,
              "state": "passed",
              "speed": "fast",
              "pass": true,
              "fail": false,
              "pending": false,
              "context": null,
              "code": "cy.get(Cypress.env('share_button')).scrollIntoView().click().then(() => {\n  cy.get('.form-inline > .form-control').should('have.attr', 'value');\n});",
              "err": {},
              "uuid": "50ae65f6-d868-4063-b3dd-0306e8704de5",
              "parentUUID": "4c636f5d-f3a9-4d7f-a1b8-427b2a403e31",
              "isHook": false,
              "skipped": false
            },
            {
              "title": "Share Button Existence",
              "fullTitle": "Product Page - Share Button Alive & Functional Share Button Existence",
              "timedOut": null,
              "duration": 1610,
              "state": "passed",
              "speed": "fast",
              "pass": true,
              "fail": false,
              "pending": false,
              "context": null,
              "code": "cy.get(Cypress.env('share_button')).scrollIntoView().should('have.attr', 'data-class');",
              "err": {},
              "uuid": "68c36c84-6d0f-4b3c-8ba6-cae0ad05b3a5",
              "parentUUID": "4c636f5d-f3a9-4d7f-a1b8-427b2a403e31",
              "isHook": false,
              "skipped": false
            }
          ],
          "suites": [],
          "passes": [
            "50ae65f6-d868-4063-b3dd-0306e8704de5",
            "68c36c84-6d0f-4b3c-8ba6-cae0ad05b3a5"
          ],
          "failures": [],
          "pending": [],
          "skipped": [],
          "duration": 3593,
          "root": false,
          "rootEmpty": false,
          "_timeout": 2000
        }
      ],
      "passes": [],
      "failures": [],
      "pending": [],
      "skipped": [],
      "duration": 0,
      "root": true,
      "rootEmpty": true,
      "_timeout": 2000
    },
    {
      "uuid": "18e5c689-361c-4511-ba00-7b42f74de558",
      "title": "",
      "fullFile": "cypress/e2e/Site_Info.cy.js",
      "file": "cypress/e2e/Site_Info.cy.js",
      "beforeHooks": [],
      "afterHooks": [],
      "tests": [],
      "suites": [
        {
          "uuid": "75704f70-24fe-44d2-a272-ce2baebbc413",
          "title": "Product Page - URL & Title Verification",
          "fullFile": "",
          "file": "",
          "beforeHooks": [],
          "afterHooks": [],
          "tests": [
            {
              "title": "URL to Contain jet *env-value",
              "fullTitle": "Product Page - URL & Title Verification URL to Contain jet *env-value",
              "timedOut": null,
              "duration": 1324,
              "state": "passed",
              "speed": "fast",
              "pass": true,
              "fail": false,
              "pending": false,
              "context": null,
              "code": "cy.url().should('contain', Cypress.env('name'));\n// {decode:true}).should('contain','3D')",
              "err": {},
              "uuid": "bb0fb1a9-4ce6-46da-be5e-fb648fb4eadb",
              "parentUUID": "75704f70-24fe-44d2-a272-ce2baebbc413",
              "isHook": false,
              "skipped": false
            },
            {
              "title": "Page Sub Title 3D Model details",
              "fullTitle": "Product Page - URL & Title Verification Page Sub Title 3D Model details",
              "timedOut": null,
              "duration": 1213,
              "state": "passed",
              "speed": "fast",
              "pass": true,
              "fail": false,
              "pending": false,
              "context": null,
              "code": "cy.get('.model-details > .heading-20').scrollIntoView().should('include.text', '3D Model details');",
              "err": {},
              "uuid": "c1fa7c16-eba1-4b18-832c-56796a4fb42a",
              "parentUUID": "75704f70-24fe-44d2-a272-ce2baebbc413",
              "isHook": false,
              "skipped": false
            },
            {
              "title": "UNDER CONST",
              "fullTitle": "Product Page - URL & Title Verification UNDER CONST",
              "timedOut": null,
              "duration": 1593,
              "state": "passed",
              "speed": "fast",
              "pass": true,
              "fail": false,
              "pending": false,
              "context": null,
              "code": "",
              "err": {},
              "uuid": "20c4209b-f6a2-43df-a03b-634a5e92fbed",
              "parentUUID": "75704f70-24fe-44d2-a272-ce2baebbc413",
              "isHook": false,
              "skipped": false
            }
          ],
          "suites": [],
          "passes": [
            "bb0fb1a9-4ce6-46da-be5e-fb648fb4eadb",
            "c1fa7c16-eba1-4b18-832c-56796a4fb42a",
            "20c4209b-f6a2-43df-a03b-634a5e92fbed"
          ],
          "failures": [],
          "pending": [],
          "skipped": [],
          "duration": 4130,
          "root": false,
          "rootEmpty": false,
          "_timeout": 2000
        }
      ],
      "passes": [],
      "failures": [],
      "pending": [],
      "skipped": [],
      "duration": 0,
      "root": true,
      "rootEmpty": true,
      "_timeout": 2000
    }
  ],
  "meta": {
    "mocha": {
      "version": "7.0.1"
    },
    "mochawesome": {
      "options": {
        "quiet": false,
        "reportFilename": "mochawesome",
        "saveHtml": false,
        "saveJson": true,
        "consoleReporter": "spec",
        "useInlineDiffs": false,
        "code": true
      },
      "version": "7.1.3"
    },
    "marge": {
      "options": {
        "id": "default",
        "reportDir": "cypress/results/mochawesome",
        "quite": true,
        "overwrite": false,
        "html": false,
        "json": true
      },
      "version": "6.2.0"
    }
  }
}